TN:
SF:/home/mkomwa/developments/typescript/idashboard/src/polyfills.ts
FNF:0
FNH:0
LF:0
LH:0
BRF:0
BRH:0
end_of_record
TN:
SF:/home/mkomwa/developments/typescript/idashboard/src/test.ts
FNF:0
FNH:0
DA:13,1
DA:18,1
DA:20,1
LF:3
LH:3
BRF:0
BRH:0
end_of_record
TN:
SF:/home/mkomwa/developments/typescript/idashboard/src/app/app.component.ts
FN:11,(anonymous_0)
FN:25,(anonymous_1)
FNF:2
FNH:2
FNDA:1,(anonymous_0)
FNDA:1,(anonymous_1)
DA:10,1
DA:12,1
DA:13,1
DA:16,1
DA:19,1
DA:22,1
DA:26,1
LF:7
LH:7
BRF:0
BRH:0
end_of_record
TN:
SF:/home/mkomwa/developments/typescript/idashboard/src/app/app.module.ts
FN:31,HttpLoaderFactory
FNF:1
FNH:1
FNDA:1,HttpLoaderFactory
DA:32,1
DA:81,1
LF:2
LH:2
BRDA:72,0,0,1
BRDA:72,0,1,0
BRF:2
BRH:1
end_of_record
TN:
SF:/home/mkomwa/developments/typescript/idashboard/src/app/app.routes.ts
FNF:0
FNH:0
DA:5,1
DA:21,1
LF:2
LH:2
BRF:0
BRH:0
end_of_record
TN:
SF:/home/mkomwa/developments/typescript/idashboard/src/app/core/core.module.ts
FN:13,initializeDb
FN:14,(anonymous_1)
FN:25,(anonymous_2)
FN:35,(anonymous_3)
FNF:4
FNH:1
FNDA:0,initializeDb
FNDA:0,(anonymous_1)
FNDA:0,(anonymous_2)
FNDA:1,(anonymous_3)
DA:14,0
DA:23,1
DA:30,0
DA:31,0
DA:36,1
LF:5
LH:2
BRDA:30,0,0,0
BRDA:30,0,1,0
BRF:2
BRH:0
end_of_record
TN:
SF:/home/mkomwa/developments/typescript/idashboard/src/app/core/index.ts
FNF:0
FNH:0
LF:0
LH:0
BRF:0
BRH:0
end_of_record
TN:
SF:/home/mkomwa/developments/typescript/idashboard/src/app/core/helpers/get-sanitized-system-info.helper.ts
FN:3,getSanitizedSystemInfo
FNF:1
FNH:0
FNDA:0,getSanitizedSystemInfo
DA:4,0
DA:5,0
DA:8,0
LF:3
LH:0
BRDA:4,0,0,0
BRDA:4,0,1,0
BRDA:14,1,0,0
BRDA:14,1,1,0
BRF:4
BRH:0
end_of_record
TN:
SF:/home/mkomwa/developments/typescript/idashboard/src/app/core/helpers/index.ts
FNF:0
FNH:0
LF:0
LH:0
BRF:0
BRH:0
end_of_record
TN:
SF:/home/mkomwa/developments/typescript/idashboard/src/app/core/services/index-db.service.ts
FN:11,(anonymous_0)
FN:20,(anonymous_1)
FN:25,(anonymous_2)
FN:26,(anonymous_3)
FN:30,(anonymous_4)
FN:34,(anonymous_5)
FN:41,(anonymous_6)
FN:42,(anonymous_7)
FN:46,(anonymous_8)
FN:50,(anonymous_9)
FNF:10
FNH:1
FNDA:0,(anonymous_0)
FNDA:1,(anonymous_1)
FNDA:0,(anonymous_2)
FNDA:0,(anonymous_3)
FNDA:0,(anonymous_4)
FNDA:0,(anonymous_5)
FNDA:0,(anonymous_6)
FNDA:0,(anonymous_7)
FNDA:0,(anonymous_8)
FNDA:0,(anonymous_9)
DA:12,0
DA:13,0
DA:14,0
DA:19,1
DA:21,1
DA:22,1
DA:26,0
DA:27,0
DA:31,0
DA:32,0
DA:35,0
DA:42,0
DA:43,0
DA:47,0
DA:48,0
DA:51,0
LF:16
LH:3
BRF:0
BRH:0
end_of_record
TN:
SF:/home/mkomwa/developments/typescript/idashboard/src/app/core/services/index.ts
FNF:0
FNH:0
LF:0
LH:0
BRF:0
BRH:0
end_of_record
TN:
SF:/home/mkomwa/developments/typescript/idashboard/src/app/core/services/user.service.ts
FN:9,(anonymous_0)
FN:14,(anonymous_1)
FN:23,(anonymous_2)
FNF:3
FNH:0
FNDA:0,(anonymous_0)
FNDA:0,(anonymous_1)
FNDA:0,(anonymous_2)
DA:8,1
DA:9,0
DA:15,0
DA:24,0
LF:4
LH:1
BRF:0
BRH:0
end_of_record
TN:
SF:/home/mkomwa/developments/typescript/idashboard/src/app/core/utils/index.ts
FNF:0
FNH:0
LF:0
LH:0
BRF:0
BRH:0
end_of_record
TN:
SF:/home/mkomwa/developments/typescript/idashboard/src/app/core/utils/route-serializer.util.ts
FN:10,(anonymous_0)
FNF:1
FNH:0
FNDA:0,(anonymous_0)
DA:11,0
DA:12,0
DA:17,0
LF:3
LH:0
BRF:0
BRH:0
end_of_record
TN:
SF:/home/mkomwa/developments/typescript/idashboard/src/app/pages/index.ts
FNF:0
FNH:0
DA:3,1
LF:1
LH:1
BRF:0
BRH:0
end_of_record
TN:
SF:/home/mkomwa/developments/typescript/idashboard/src/app/pages/home/home.component.ts
FN:10,(anonymous_0)
FN:12,(anonymous_1)
FNF:2
FNH:0
FNDA:0,(anonymous_0)
FNDA:0,(anonymous_1)
DA:8,1
LF:1
LH:1
BRF:0
BRH:0
end_of_record
TN:
SF:/home/mkomwa/developments/typescript/idashboard/src/app/shared/shared.module.ts
FNF:0
FNH:0
DA:10,1
LF:1
LH:1
BRF:0
BRH:0
end_of_record
TN:
SF:/home/mkomwa/developments/typescript/idashboard/src/app/store/actions/index.ts
FNF:0
FNH:0
LF:0
LH:0
BRF:0
BRH:0
end_of_record
TN:
SF:/home/mkomwa/developments/typescript/idashboard/src/app/store/actions/router.actions.ts
FNF:0
FNH:0
DA:4,1
DA:13,1
DA:15,1
LF:3
LH:3
BRF:0
BRH:0
end_of_record
TN:
SF:/home/mkomwa/developments/typescript/idashboard/src/app/store/actions/system-info.actions.ts
FN:5,(anonymous_0)
FNF:1
FNH:1
FNDA:1,(anonymous_0)
DA:5,1
DA:6,1
DA:7,1
DA:8,1
DA:11,1
DA:13,1
DA:18,1
LF:7
LH:7
BRDA:5,0,0,1
BRDA:5,0,1,1
BRF:2
BRH:2
end_of_record
TN:
SF:/home/mkomwa/developments/typescript/idashboard/src/app/store/actions/user.actions.ts
FN:5,(anonymous_0)
FNF:1
FNH:1
FNDA:1,(anonymous_0)
DA:5,1
DA:6,1
DA:7,1
DA:8,1
DA:11,1
DA:16,1
DA:21,1
LF:7
LH:7
BRDA:5,0,0,1
BRDA:5,0,1,1
BRF:2
BRH:2
end_of_record
TN:
SF:/home/mkomwa/developments/typescript/idashboard/src/app/store/effects/index.ts
FNF:0
FNH:0
DA:5,1
LF:1
LH:1
BRF:0
BRH:0
end_of_record
TN:
SF:/home/mkomwa/developments/typescript/idashboard/src/app/store/effects/router.effects.ts
FN:11,(anonymous_0)
FN:18,(anonymous_1)
FN:21,(anonymous_2)
FN:31,(anonymous_3)
FN:34,(anonymous_4)
FN:44,(anonymous_5)
FN:47,(anonymous_6)
FNF:7
FNH:0
FNDA:0,(anonymous_0)
FNDA:0,(anonymous_1)
FNDA:0,(anonymous_2)
FNDA:0,(anonymous_3)
FNDA:0,(anonymous_4)
FNDA:0,(anonymous_5)
FNDA:0,(anonymous_6)
DA:10,1
DA:12,0
DA:13,0
DA:14,0
DA:17,0
DA:19,0
DA:22,0
DA:30,0
DA:32,0
DA:35,0
DA:43,0
DA:45,0
DA:48,0
LF:13
LH:1
BRF:0
BRH:0
end_of_record
TN:
SF:/home/mkomwa/developments/typescript/idashboard/src/app/store/effects/system-info.effects.ts
FN:12,(anonymous_0)
FN:17,(anonymous_1)
FN:20,(anonymous_2)
FN:22,(anonymous_3)
FN:27,(anonymous_4)
FN:33,(anonymous_5)
FN:33,(anonymous_6)
FNF:7
FNH:0
FNDA:0,(anonymous_0)
FNDA:0,(anonymous_1)
FNDA:0,(anonymous_2)
FNDA:0,(anonymous_3)
FNDA:0,(anonymous_4)
FNDA:0,(anonymous_5)
FNDA:0,(anonymous_6)
DA:11,1
DA:13,0
DA:14,0
DA:17,0
DA:18,0
DA:21,0
DA:23,0
DA:27,0
DA:33,0
LF:9
LH:1
BRF:0
BRH:0
end_of_record
TN:
SF:/home/mkomwa/developments/typescript/idashboard/src/app/store/effects/user.effects.ts
FN:38,(anonymous_0)
FN:17,(anonymous_1)
FN:20,(anonymous_2)
FN:24,(anonymous_3)
FN:27,(anonymous_4)
FN:29,(anonymous_5)
FN:32,(anonymous_6)
FNF:7
FNH:0
FNDA:0,(anonymous_0)
FNDA:0,(anonymous_1)
FNDA:0,(anonymous_2)
FNDA:0,(anonymous_3)
FNDA:0,(anonymous_4)
FNDA:0,(anonymous_5)
FNDA:0,(anonymous_6)
DA:16,1
DA:17,0
DA:18,0
DA:20,0
DA:24,0
DA:25,0
DA:28,0
DA:30,0
DA:32,0
DA:38,0
LF:10
LH:1
BRF:0
BRH:0
end_of_record
TN:
SF:/home/mkomwa/developments/typescript/idashboard/src/app/store/reducers/index.ts
FN:30,(anonymous_0)
FNF:1
FNH:0
FNDA:0,(anonymous_0)
DA:17,1
DA:23,1
DA:30,1
LF:3
LH:3
BRDA:24,0,0,1
BRDA:24,0,1,0
BRF:2
BRH:1
end_of_record
TN:
SF:/home/mkomwa/developments/typescript/idashboard/src/app/store/reducers/system-info.reducer.ts
FN:16,(anonymous_0)
FN:20,(anonymous_1)
FN:25,(anonymous_2)
FN:32,systemInfoReducer
FNF:4
FNH:0
FNDA:0,(anonymous_0)
FNDA:0,(anonymous_1)
FNDA:0,(anonymous_2)
FNDA:0,systemInfoReducer
DA:14,1
DA:16,0
DA:20,0
DA:25,0
DA:33,0
LF:5
LH:1
BRF:0
BRH:0
end_of_record
TN:
SF:/home/mkomwa/developments/typescript/idashboard/src/app/store/reducers/user.reducer.ts
FN:17,(anonymous_0)
FN:21,(anonymous_1)
FN:26,(anonymous_2)
FN:33,userReducer
FNF:4
FNH:0
FNDA:0,(anonymous_0)
FNDA:0,(anonymous_1)
FNDA:0,(anonymous_2)
FNDA:0,userReducer
DA:15,1
DA:17,0
DA:21,0
DA:26,0
DA:34,0
LF:5
LH:1
BRF:0
BRH:0
end_of_record
TN:
SF:/home/mkomwa/developments/typescript/idashboard/src/app/store/states/base.state.ts
FNF:0
FNH:0
DA:10,1
DA:17,1
DA:22,1
DA:28,1
LF:4
LH:4
BRF:0
BRH:0
end_of_record
TN:
SF:/home/mkomwa/developments/typescript/idashboard/src/app/store/states/system-info.state.ts
FNF:0
FNH:0
DA:8,1
LF:1
LH:1
BRF:0
BRH:0
end_of_record
TN:
SF:/home/mkomwa/developments/typescript/idashboard/src/app/store/states/user.state.ts
FNF:0
FNH:0
DA:8,1
LF:1
LH:1
BRF:0
BRH:0
end_of_record
TN:
SF:/home/mkomwa/developments/typescript/idashboard/src/environments/environment.ts
FNF:0
FNH:0
DA:5,1
LF:1
LH:1
BRF:0
BRH:0
end_of_record
